<?xml version="1.0" encoding="UTF-8"?>
<testsuite name="com.cowin.testCase.CowinSpec" tests="1" skipped="0" failures="0" errors="0" timestamp="2021-06-08T05:14:16" hostname="DDC2-L-G01FPLH" time="13.212">
  <properties/>
  <testcase name="check vaccine availabilty at my PinCode" classname="com.cowin.testCase.CowinSpec" time="13.212"/>
  <system-out><![CDATA[COVISHIELD is available at GGSSS NO.1 EAST OF KAILASH center
]]></system-out>
  <system-err><![CDATA[Starting ChromeDriver 91.0.4472.19 (1bf021f248676a0b2ab3ee0561d83a59e424c23e-refs/branch-heads/4472@{#288}) on port 47619
Only local connections are allowed.
Please see https://chromedriver.chromium.org/security-considerations for suggestions on keeping ChromeDriver safe.
ChromeDriver was started successfully.
Jun 08, 2021 10:44:21 AM org.openqa.selenium.remote.ProtocolHandshake createSession
INFO: Detected dialect: W3C
]]></system-err>
</testsuite>
