<?xml version="1.0" encoding="UTF-8"?>
<testsuite name="com.cowin.testCase.CowinSpec" tests="1" skipped="0" failures="0" errors="0" timestamp="2021-06-24T05:44:18" hostname="DDC2-L-G01FPLH" time="66.992">
  <properties/>
  <testcase name="check vaccine availability at my PinCode" classname="com.cowin.testCase.CowinSpec" time="66.992"/>
  <system-out><![CDATA[[110041.0, 110065.0]
[91-9871419150, 91-7755943346, 91-9871419150, 91-9650820240]
COVAXIN is available at GOVT COED SSS KUNWAR SINGH S1 center with D1
0 and D2
71 on date 24 Jun 2021
91-9871419150
 91-7755943346
COVAXIN is available at GOVT COED SSS KUNWAR SINGH S2 center with D1
0 and D2
99 on date 24 Jun 2021
91-9871419150
 91-7755943346
]]></system-out>
  <system-err><![CDATA[Starting ChromeDriver 91.0.4472.19 (1bf021f248676a0b2ab3ee0561d83a59e424c23e-refs/branch-heads/4472@{#288}) on port 37723
Only local connections are allowed.
Please see https://chromedriver.chromium.org/security-considerations for suggestions on keeping ChromeDriver safe.
ChromeDriver was started successfully.
Jun 24, 2021 11:14:23 AM org.openqa.selenium.remote.ProtocolHandshake createSession
INFO: Detected dialect: W3C
]]></system-err>
</testsuite>
