<?xml version="1.0" encoding="UTF-8"?>
<testsuite name="com.cowin.testCase.CowinSpec" tests="1" skipped="0" failures="0" errors="0" timestamp="2021-06-21T09:57:49" hostname="DDC2-L-G01FPLH" time="45.446">
  <properties/>
  <testcase name="check vaccine availability at my PinCode" classname="com.cowin.testCase.CowinSpec" time="45.446"/>
  <system-out><![CDATA[[110041, 110042, 110065,]
[91-7777777777, 91-9871419150]
COVAXIN is available at GBSSS MUNDKA COVAXIN center with D1
0 and D2
48 on date 21 Jun 2021
COVISHIELD is available at GBSSS SULTAN PURI ROAD SITE-1 center with D1
36 and D2
9 on date 21 Jun 2021
COVISHIELD is available at GGSSS NO.1 EAST OF KAILASH center with D1
3 and D2
2 on date 21 Jun 2021
COVISHIELD is available at MH SRI NIWAS PURI CHC center with D1
39 and D2
3 on date 21 Jun 2021
]]></system-out>
  <system-err><![CDATA[Starting ChromeDriver 91.0.4472.19 (1bf021f248676a0b2ab3ee0561d83a59e424c23e-refs/branch-heads/4472@{#288}) on port 8110
Only local connections are allowed.
Please see https://chromedriver.chromium.org/security-considerations for suggestions on keeping ChromeDriver safe.
ChromeDriver was started successfully.
Jun 21, 2021 3:27:54 PM org.openqa.selenium.remote.ProtocolHandshake createSession
INFO: Detected dialect: W3C
]]></system-err>
</testsuite>
