<?xml version="1.0" encoding="UTF-8"?>
<testsuite name="com.cowin.testCase.CowinSpec" tests="1" skipped="0" failures="0" errors="0" timestamp="2021-06-21T13:32:16" hostname="DDC2-L-G01FPLH" time="42.994">
  <properties/>
  <testcase name="check vaccine availability at my PinCode" classname="com.cowin.testCase.CowinSpec" time="42.994"/>
  <system-out><![CDATA[COVISHIELD is available at GGSSS NO.1 EAST OF KAILASH center with D1
44 and D2
24 on date 22 Jun 2021
91-9871419150 does not exits
COVISHIELD is available at MH SRI NIWAS PURI CHC center with D1
37 and D2
3 on date 21 Jun 2021
91-9871419150 does not exits
]]></system-out>
  <system-err><![CDATA[Starting ChromeDriver 91.0.4472.19 (1bf021f248676a0b2ab3ee0561d83a59e424c23e-refs/branch-heads/4472@{#288}) on port 49024
Only local connections are allowed.
Please see https://chromedriver.chromium.org/security-considerations for suggestions on keeping ChromeDriver safe.
ChromeDriver was started successfully.
Jun 21, 2021 7:02:23 PM org.openqa.selenium.remote.ProtocolHandshake createSession
INFO: Detected dialect: W3C
SLF4J: Failed to load class "org.slf4j.impl.StaticLoggerBinder".
SLF4J: Defaulting to no-operation (NOP) logger implementation
SLF4J: See http://www.slf4j.org/codes.html#StaticLoggerBinder for further details.
]]></system-err>
</testsuite>
