<?xml version="1.0" encoding="UTF-8"?>
<testsuite name="com.cowin.testCase.CowinSpec" tests="1" skipped="0" failures="0" errors="0" timestamp="2021-06-18T20:40:24" hostname="shreeyas-MacBook-Pro.local" time="72.747">
  <properties/>
  <testcase name="check vaccine availability at my PinCode" classname="com.cowin.testCase.CowinSpec" time="72.747"/>
  <system-out><![CDATA[11
12
{"_id":{"$oid":"60c60330a38d8d9a3f690c8b"},"pinCodes":"110065,","mobileNo":"91-9871419150","dateOfUpdate":"2021-06-13"}
]]></system-out>
  <system-err><![CDATA[Starting ChromeDriver 91.0.4472.19 (1bf021f248676a0b2ab3ee0561d83a59e424c23e-refs/branch-heads/4472@{#288}) on port 9270
Only local connections are allowed.
Please see https://chromedriver.chromium.org/security-considerations for suggestions on keeping ChromeDriver safe.
ChromeDriver was started successfully.
Jun 19, 2021 2:10:26 AM org.openqa.selenium.remote.ProtocolHandshake createSession
INFO: Detected dialect: W3C
SLF4J: Failed to load class "org.slf4j.impl.StaticLoggerBinder".
SLF4J: Defaulting to no-operation (NOP) logger implementation
SLF4J: See http://www.slf4j.org/codes.html#StaticLoggerBinder for further details.
]]></system-err>
</testsuite>
